
> Configure project :app
[CXX5106] NDK was located by using ndk.dir property. This method is deprecated and will be removed in a future release. Please use android.ndkVersion or android.ndkPath in build.gradle to specify the NDK to use. https://developer.android.com/r/studio-ui/ndk-dir
[CXX5106] NDK was located by using ndk.dir property. This method is deprecated and will be removed in a future release. Please use android.ndkVersion or android.ndkPath in build.gradle to specify the NDK to use. https://developer.android.com/r/studio-ui/ndk-dir
[CXX5106] NDK was located by using ndk.dir property. This method is deprecated and will be removed in a future release. Please use android.ndkVersion or android.ndkPath in build.gradle to specify the NDK to use. https://developer.android.com/r/studio-ui/ndk-dir
[CXX5106] NDK was located by using ndk.dir property. This method is deprecated and will be removed in a future release. Please use android.ndkVersion or android.ndkPath in build.gradle to specify the NDK to use. https://developer.android.com/r/studio-ui/ndk-dir
[CXX5106] NDK was located by using ndk.dir property. This method is deprecated and will be removed in a future release. Please use android.ndkVersion or android.ndkPath in build.gradle to specify the NDK to use. https://developer.android.com/r/studio-ui/ndk-dir
[CXX5106] NDK was located by using ndk.dir property. This method is deprecated and will be removed in a future release. Please use android.ndkVersion or android.ndkPath in build.gradle to specify the NDK to use. https://developer.android.com/r/studio-ui/ndk-dir
[CXX5106] NDK was located by using ndk.dir property. This method is deprecated and will be removed in a future release. Please use android.ndkVersion or android.ndkPath in build.gradle to specify the NDK to use. https://developer.android.com/r/studio-ui/ndk-dir
[CXX5106] NDK was located by using ndk.dir property. This method is deprecated and will be removed in a future release. Please use android.ndkVersion or android.ndkPath in build.gradle to specify the NDK to use. https://developer.android.com/r/studio-ui/ndk-dir
[CXX5106] NDK was located by using ndk.dir property. This method is deprecated and will be removed in a future release. Please use android.ndkVersion or android.ndkPath in build.gradle to specify the NDK to use. https://developer.android.com/r/studio-ui/ndk-dir
[CXX5106] NDK was located by using ndk.dir property. This method is deprecated and will be removed in a future release. Please use android.ndkVersion or android.ndkPath in build.gradle to specify the NDK to use. https://developer.android.com/r/studio-ui/ndk-dir
[CXX5106] NDK was located by using ndk.dir property. This method is deprecated and will be removed in a future release. Please use android.ndkVersion or android.ndkPath in build.gradle to specify the NDK to use. https://developer.android.com/r/studio-ui/ndk-dir
WARNING:[CXX5106] NDK was located by using ndk.dir property. This method is deprecated and will be removed in a future release. Please use android.ndkVersion or android.ndkPath in build.gradle to specify the NDK to use. https://developer.android.com/r/studio-ui/ndk-dir
[CXX5106] NDK was located by using ndk.dir property. This method is deprecated and will be removed in a future release. Please use android.ndkVersion or android.ndkPath in build.gradle to specify the NDK to use. https://developer.android.com/r/studio-ui/ndk-dir
WARNING:[CXX5106] NDK was located by using ndk.dir property. This method is deprecated and will be removed in a future release. Please use android.ndkVersion or android.ndkPath in build.gradle to specify the NDK to use. https://developer.android.com/r/studio-ui/ndk-dir
[CXX5106] NDK was located by using ndk.dir property. This method is deprecated and will be removed in a future release. Please use android.ndkVersion or android.ndkPath in build.gradle to specify the NDK to use. https://developer.android.com/r/studio-ui/ndk-dir
WARNING:[CXX5106] NDK was located by using ndk.dir property. This method is deprecated and will be removed in a future release. Please use android.ndkVersion or android.ndkPath in build.gradle to specify the NDK to use. https://developer.android.com/r/studio-ui/ndk-dir
[CXX5106] NDK was located by using ndk.dir property. This method is deprecated and will be removed in a future release. Please use android.ndkVersion or android.ndkPath in build.gradle to specify the NDK to use. https://developer.android.com/r/studio-ui/ndk-dir
WARNING:[CXX5106] NDK was located by using ndk.dir property. This method is deprecated and will be removed in a future release. Please use android.ndkVersion or android.ndkPath in build.gradle to specify the NDK to use. https://developer.android.com/r/studio-ui/ndk-dir
[CXX5106] NDK was located by using ndk.dir property. This method is deprecated and will be removed in a future release. Please use android.ndkVersion or android.ndkPath in build.gradle to specify the NDK to use. https://developer.android.com/r/studio-ui/ndk-dir
WARNING:[CXX5106] NDK was located by using ndk.dir property. This method is deprecated and will be removed in a future release. Please use android.ndkVersion or android.ndkPath in build.gradle to specify the NDK to use. https://developer.android.com/r/studio-ui/ndk-dir
[CXX5106] NDK was located by using ndk.dir property. This method is deprecated and will be removed in a future release. Please use android.ndkVersion or android.ndkPath in build.gradle to specify the NDK to use. https://developer.android.com/r/studio-ui/ndk-dir
WARNING:[CXX5106] NDK was located by using ndk.dir property. This method is deprecated and will be removed in a future release. Please use android.ndkVersion or android.ndkPath in build.gradle to specify the NDK to use. https://developer.android.com/r/studio-ui/ndk-dir
[CXX5106] NDK was located by using ndk.dir property. This method is deprecated and will be removed in a future release. Please use android.ndkVersion or android.ndkPath in build.gradle to specify the NDK to use. https://developer.android.com/r/studio-ui/ndk-dir
WARNING:[CXX5106] NDK was located by using ndk.dir property. This method is deprecated and will be removed in a future release. Please use android.ndkVersion or android.ndkPath in build.gradle to specify the NDK to use. https://developer.android.com/r/studio-ui/ndk-dir
[CXX5106] NDK was located by using ndk.dir property. This method is deprecated and will be removed in a future release. Please use android.ndkVersion or android.ndkPath in build.gradle to specify the NDK to use. https://developer.android.com/r/studio-ui/ndk-dir
WARNING:[CXX5106] NDK was located by using ndk.dir property. This method is deprecated and will be removed in a future release. Please use android.ndkVersion or android.ndkPath in build.gradle to specify the NDK to use. https://developer.android.com/r/studio-ui/ndk-dir
[CXX5106] NDK was located by using ndk.dir property. This method is deprecated and will be removed in a future release. Please use android.ndkVersion or android.ndkPath in build.gradle to specify the NDK to use. https://developer.android.com/r/studio-ui/ndk-dir
WARNING:[CXX5106] NDK was located by using ndk.dir property. This method is deprecated and will be removed in a future release. Please use android.ndkVersion or android.ndkPath in build.gradle to specify the NDK to use. https://developer.android.com/r/studio-ui/ndk-dir
[CXX5106] NDK was located by using ndk.dir property. This method is deprecated and will be removed in a future release. Please use android.ndkVersion or android.ndkPath in build.gradle to specify the NDK to use. https://developer.android.com/r/studio-ui/ndk-dir
WARNING:[CXX5106] NDK was located by using ndk.dir property. This method is deprecated and will be removed in a future release. Please use android.ndkVersion or android.ndkPath in build.gradle to specify the NDK to use. https://developer.android.com/r/studio-ui/ndk-dir
[CXX5106] NDK was located by using ndk.dir property. This method is deprecated and will be removed in a future release. Please use android.ndkVersion or android.ndkPath in build.gradle to specify the NDK to use. https://developer.android.com/r/studio-ui/ndk-dir
WARNING:We recommend using a newer Android Gradle plugin to use compileSdk = 34

This Android Gradle plugin (7.4.2) was tested up to compileSdk = 33

This warning can be suppressed by adding
    android.suppressUnsupportedCompileSdk=34
to this project's gradle.properties

The build will continue, but you are strongly encouraged to update your project to
use a newer Android Gradle Plugin that has been tested with compileSdk = 34

> Task :clean UP-TO-DATE
> Task :app:externalNativeBuildCleanDebug

> Task :app:externalNativeBuildCleanRelease
Clean anogs-arm64-v8a

> Task :app:clean
> Task :app:preBuild UP-TO-DATE
> Task :app:preReleaseBuild UP-TO-DATE
> Task :app:configureNdkBuildRelease[arm64-v8a]

> Task :app:buildNdkBuildRelease[arm64-v8a]
C/C++: In file included from /home/ubuntu/imperium_project/IMPERIUM_MODZ_X_Phantom_Force/app/src/main/jni/Main.cpp:37:
C/C++: In file included from /home/ubuntu/imperium_project/IMPERIUM_MODZ_X_Phantom_Force/app/src/main/jni/Jni_Stuff.h:6:
C/C++: /home/ubuntu/imperium_project/IMPERIUM_MODZ_X_Phantom_Force/app/src/main/jni/Includes/obfuscate.h:40:24: error: redefinition of 'generate_key'
C/C++:     constexpr key_type generate_key(key_type seed)
C/C++:                        ^
C/C++: /home/ubuntu/imperium_project/IMPERIUM_MODZ_X_Phantom_Force/app/src/main/jni/Includes/obfuscate.h:40:24: note: previous definition is here
C/C++:     constexpr key_type generate_key(key_type seed)
C/C++:                        ^
C/C++: In file included from /home/ubuntu/imperium_project/IMPERIUM_MODZ_X_Phantom_Force/app/src/main/jni/Main.cpp:37:
C/C++: In file included from /home/ubuntu/imperium_project/IMPERIUM_MODZ_X_Phantom_Force/app/src/main/jni/Jni_Stuff.h:6:
C/C++: /home/ubuntu/imperium_project/IMPERIUM_MODZ_X_Phantom_Force/app/src/main/jni/Includes/obfuscate.h:57:20: error: redefinition of 'cipher'
C/C++:     constexpr void cipher(char* data, size_type size, key_type key)
C/C++:                    ^
C/C++: /home/ubuntu/imperium_project/IMPERIUM_MODZ_X_Phantom_Force/app/src/main/jni/Includes/obfuscate.h:57:20: note: previous definition is here
C/C++:     constexpr void cipher(char* data, size_type size, key_type key)
C/C++:                    ^
C/C++: In file included from /home/ubuntu/imperium_project/IMPERIUM_MODZ_X_Phantom_Force/app/src/main/jni/Main.cpp:37:
C/C++: In file included from /home/ubuntu/imperium_project/IMPERIUM_MODZ_X_Phantom_Force/app/src/main/jni/Jni_Stuff.h:6:
C/C++: /home/ubuntu/imperium_project/IMPERIUM_MODZ_X_Phantom_Force/app/src/main/jni/Includes/obfuscate.h:68:11: error: redefinition of 'obfuscator'
C/C++:     class obfuscator
C/C++:           ^
C/C++: /home/ubuntu/imperium_project/IMPERIUM_MODZ_X_Phantom_Force/app/src/main/jni/Includes/obfuscate.h:68:11: note: previous definition is here
C/C++:     class obfuscator
C/C++:           ^
C/C++: In file included from /home/ubuntu/imperium_project/IMPERIUM_MODZ_X_Phantom_Force/app/src/main/jni/Main.cpp:37:
C/C++: In file included from /home/ubuntu/imperium_project/IMPERIUM_MODZ_X_Phantom_Force/app/src/main/jni/Jni_Stuff.h:6:
C/C++: /home/ubuntu/imperium_project/IMPERIUM_MODZ_X_Phantom_Force/app/src/main/jni/Includes/obfuscate.h:107:11: error: redefinition of 'obfuscated_data'
C/C++:     class obfuscated_data
C/C++:           ^
C/C++: /home/ubuntu/imperium_project/IMPERIUM_MODZ_X_Phantom_Force/app/src/main/jni/Includes/obfuscate.h:107:11: note: previous definition is here
C/C++:     class obfuscated_data
C/C++:           ^
C/C++: In file included from /home/ubuntu/imperium_project/IMPERIUM_MODZ_X_Phantom_Force/app/src/main/jni/Main.cpp:37:
C/C++: In file included from /home/ubuntu/imperium_project/IMPERIUM_MODZ_X_Phantom_Force/app/src/main/jni/Jni_Stuff.h:6:
C/C++: /home/ubuntu/imperium_project/IMPERIUM_MODZ_X_Phantom_Force/app/src/main/jni/Includes/obfuscate.h:181:20: error: redefinition of 'make_obfuscator'
C/C++:     constexpr auto make_obfuscator(const char(&data)[N])
C/C++:                    ^
C/C++: /home/ubuntu/imperium_project/IMPERIUM_MODZ_X_Phantom_Force/app/src/main/jni/Includes/obfuscate.h:181:20: note: previous definition is here
C/C++:     constexpr auto make_obfuscator(const char(&data)[N])
C/C++:                    ^
C/C++: In file included from /home/ubuntu/imperium_project/IMPERIUM_MODZ_X_Phantom_Force/app/src/main/jni/Main.cpp:37:
C/C++: /home/ubuntu/imperium_project/IMPERIUM_MODZ_X_Phantom_Force/app/src/main/jni/Jni_Stuff.h:18:28: error: definition of type 'json' conflicts with type alias of the same name
C/C++: namespace nlohmann { class json; }
C/C++:                            ^
C/C++: /home/ubuntu/imperium_project/IMPERIUM_MODZ_X_Phantom_Force/app/src/main/jni/curl/json.hpp:2933:7: note: 'json' declared here
C/C++: using json = basic_json<>;
C/C++:       ^
C/C++: 6 errors generated.
C/C++: make: *** [/home/ubuntu/android-tools/android-ndk-r25c/build/core/build-binary.mk:424: /home/ubuntu/imperium_project/IMPERIUM_MODZ_X_Phantom_Force/app/build/intermediates/cxx/Release/3m4s122l/obj/local/arm64-v8a/objs/anogs/Main.o] Error 1

> Task :app:buildNdkBuildRelease[arm64-v8a] FAILED

FAILURE: Build failed with an exception.

* What went wrong:
Execution failed for task ':app:buildNdkBuildRelease[arm64-v8a]'.
> com.android.ide.common.process.ProcessException: [arm64-v8a] Compile++      : anogs <= Main.cpp
  
  C++ build system [build] failed while executing:
      /home/ubuntu/android-tools/android-ndk-r25c/ndk-build \
        NDK_PROJECT_PATH=null \
        APP_BUILD_SCRIPT=/home/ubuntu/imperium_project/IMPERIUM_MODZ_X_Phantom_Force/app/src/main/jni/Android.mk \
        NDK_APPLICATION_MK=/home/ubuntu/imperium_project/IMPERIUM_MODZ_X_Phantom_Force/app/src/main/jni/Application.mk \
        APP_ABI=arm64-v8a \
        NDK_ALL_ABIS=arm64-v8a \
        NDK_DEBUG=0 \
        APP_PLATFORM=android-21 \
        NDK_OUT=/home/ubuntu/imperium_project/IMPERIUM_MODZ_X_Phantom_Force/app/build/intermediates/cxx/Release/3m4s122l/obj \
        NDK_LIBS_OUT=/home/ubuntu/imperium_project/IMPERIUM_MODZ_X_Phantom_Force/app/build/intermediates/cxx/Release/3m4s122l/lib \
        NDK_APPLICATION_MK:=src/main/jni/Application.mk \
        anogs
    from /home/ubuntu/imperium_project/IMPERIUM_MODZ_X_Phantom_Force/app
  In file included from /home/ubuntu/imperium_project/IMPERIUM_MODZ_X_Phantom_Force/app/src/main/jni/Main.cpp:37:
  In file included from /home/ubuntu/imperium_project/IMPERIUM_MODZ_X_Phantom_Force/app/src/main/jni/Jni_Stuff.h:6:
  /home/ubuntu/imperium_project/IMPERIUM_MODZ_X_Phantom_Force/app/src/main/jni/Includes/obfuscate.h:40:24: error: redefinition of 'generate_key'
      constexpr key_type generate_key(key_type seed)
                         ^
  /home/ubuntu/imperium_project/IMPERIUM_MODZ_X_Phantom_Force/app/src/main/jni/Includes/obfuscate.h:40:24: note: previous definition is here
      constexpr key_type generate_key(key_type seed)
                         ^
  In file included from /home/ubuntu/imperium_project/IMPERIUM_MODZ_X_Phantom_Force/app/src/main/jni/Main.cpp:37:
  In file included from /home/ubuntu/imperium_project/IMPERIUM_MODZ_X_Phantom_Force/app/src/main/jni/Jni_Stuff.h:6:
  /home/ubuntu/imperium_project/IMPERIUM_MODZ_X_Phantom_Force/app/src/main/jni/Includes/obfuscate.h:57:20: error: redefinition of 'cipher'
      constexpr void cipher(char* data, size_type size, key_type key)
                     ^
  /home/ubuntu/imperium_project/IMPERIUM_MODZ_X_Phantom_Force/app/src/main/jni/Includes/obfuscate.h:57:20: note: previous definition is here
      constexpr void cipher(char* data, size_type size, key_type key)
                     ^
  In file included from /home/ubuntu/imperium_project/IMPERIUM_MODZ_X_Phantom_Force/app/src/main/jni/Main.cpp:37:
  In file included from /home/ubuntu/imperium_project/IMPERIUM_MODZ_X_Phantom_Force/app/src/main/jni/Jni_Stuff.h:6:
  /home/ubuntu/imperium_project/IMPERIUM_MODZ_X_Phantom_Force/app/src/main/jni/Includes/obfuscate.h:68:11: error: redefinition of 'obfuscator'
      class obfuscator
            ^
  /home/ubuntu/imperium_project/IMPERIUM_MODZ_X_Phantom_Force/app/src/main/jni/Includes/obfuscate.h:68:11: note: previous definition is here
      class obfuscator
            ^
  In file included from /home/ubuntu/imperium_project/IMPERIUM_MODZ_X_Phantom_Force/app/src/main/jni/Main.cpp:37:
  In file included from /home/ubuntu/imperium_project/IMPERIUM_MODZ_X_Phantom_Force/app/src/main/jni/Jni_Stuff.h:6:
  /home/ubuntu/imperium_project/IMPERIUM_MODZ_X_Phantom_Force/app/src/main/jni/Includes/obfuscate.h:107:11: error: redefinition of 'obfuscated_data'
      class obfuscated_data
            ^
  /home/ubuntu/imperium_project/IMPERIUM_MODZ_X_Phantom_Force/app/src/main/jni/Includes/obfuscate.h:107:11: note: previous definition is here
      class obfuscated_data
            ^
  In file included from /home/ubuntu/imperium_project/IMPERIUM_MODZ_X_Phantom_Force/app/src/main/jni/Main.cpp:37:
  In file included from /home/ubuntu/imperium_project/IMPERIUM_MODZ_X_Phantom_Force/app/src/main/jni/Jni_Stuff.h:6:
  /home/ubuntu/imperium_project/IMPERIUM_MODZ_X_Phantom_Force/app/src/main/jni/Includes/obfuscate.h:181:20: error: redefinition of 'make_obfuscator'
      constexpr auto make_obfuscator(const char(&data)[N])
                     ^
  /home/ubuntu/imperium_project/IMPERIUM_MODZ_X_Phantom_Force/app/src/main/jni/Includes/obfuscate.h:181:20: note: previous definition is here
      constexpr auto make_obfuscator(const char(&data)[N])
                     ^
  In file included from /home/ubuntu/imperium_project/IMPERIUM_MODZ_X_Phantom_Force/app/src/main/jni/Main.cpp:37:
  /home/ubuntu/imperium_project/IMPERIUM_MODZ_X_Phantom_Force/app/src/main/jni/Jni_Stuff.h:18:28: error: definition of type 'json' conflicts with type alias of the same name
  namespace nlohmann { class json; }
                             ^
  /home/ubuntu/imperium_project/IMPERIUM_MODZ_X_Phantom_Force/app/src/main/jni/curl/json.hpp:2933:7: note: 'json' declared here
  using json = basic_json<>;
        ^
  6 errors generated.
  make: *** [/home/ubuntu/android-tools/android-ndk-r25c/build/core/build-binary.mk:424: /home/ubuntu/imperium_project/IMPERIUM_MODZ_X_Phantom_Force/app/build/intermediates/cxx/Release/3m4s122l/obj/local/arm64-v8a/objs/anogs/Main.o] Error 1

* Try:
> Run with --info or --debug option to get more log output.
> Run with --scan to get full insights.

* Exception is:
org.gradle.api.tasks.TaskExecutionException: Execution failed for task ':app:buildNdkBuildRelease[arm64-v8a]'.
	at org.gradle.api.internal.tasks.execution.ExecuteActionsTaskExecuter.lambda$executeIfValid$1(ExecuteActionsTaskExecuter.java:142)
	at org.gradle.internal.Try$Failure.ifSuccessfulOrElse(Try.java:282)
	at org.gradle.api.internal.tasks.execution.ExecuteActionsTaskExecuter.executeIfValid(ExecuteActionsTaskExecuter.java:140)
	at org.gradle.api.internal.tasks.execution.ExecuteActionsTaskExecuter.execute(ExecuteActionsTaskExecuter.java:128)
	at org.gradle.api.internal.tasks.execution.CleanupStaleOutputsExecuter.execute(CleanupStaleOutputsExecuter.java:77)
	at org.gradle.api.internal.tasks.execution.FinalizePropertiesTaskExecuter.execute(FinalizePropertiesTaskExecuter.java:46)
	at org.gradle.api.internal.tasks.execution.ResolveTaskExecutionModeExecuter.execute(ResolveTaskExecutionModeExecuter.java:51)
	at org.gradle.api.internal.tasks.execution.SkipTaskWithNoActionsExecuter.execute(SkipTaskWithNoActionsExecuter.java:57)
	at org.gradle.api.internal.tasks.execution.SkipOnlyIfTaskExecuter.execute(SkipOnlyIfTaskExecuter.java:56)
	at org.gradle.api.internal.tasks.execution.CatchExceptionTaskExecuter.execute(CatchExceptionTaskExecuter.java:36)
	at org.gradle.api.internal.tasks.execution.EventFiringTaskExecuter$1.executeTask(EventFiringTaskExecuter.java:77)
	at org.gradle.api.internal.tasks.execution.EventFiringTaskExecuter$1.call(EventFiringTaskExecuter.java:55)
	at org.gradle.api.internal.tasks.execution.EventFiringTaskExecuter$1.call(EventFiringTaskExecuter.java:52)
	at org.gradle.internal.operations.DefaultBuildOperationRunner$CallableBuildOperationWorker.execute(DefaultBuildOperationRunner.java:204)
	at org.gradle.internal.operations.DefaultBuildOperationRunner$CallableBuildOperationWorker.execute(DefaultBuildOperationRunner.java:199)
	at org.gradle.internal.operations.DefaultBuildOperationRunner$2.execute(DefaultBuildOperationRunner.java:66)
	at org.gradle.internal.operations.DefaultBuildOperationRunner$2.execute(DefaultBuildOperationRunner.java:59)
	at org.gradle.internal.operations.DefaultBuildOperationRunner.execute(DefaultBuildOperationRunner.java:157)
	at org.gradle.internal.operations.DefaultBuildOperationRunner.execute(DefaultBuildOperationRunner.java:59)
	at org.gradle.internal.operations.DefaultBuildOperationRunner.call(DefaultBuildOperationRunner.java:53)
	at org.gradle.internal.operations.DefaultBuildOperationExecutor.call(DefaultBuildOperationExecutor.java:73)
	at org.gradle.api.internal.tasks.execution.EventFiringTaskExecuter.execute(EventFiringTaskExecuter.java:52)
	at org.gradle.execution.plan.LocalTaskNodeExecutor.execute(LocalTaskNodeExecutor.java:69)
	at org.gradle.execution.taskgraph.DefaultTaskExecutionGraph$InvokeNodeExecutorsAction.execute(DefaultTaskExecutionGraph.java:327)
	at org.gradle.execution.taskgraph.DefaultTaskExecutionGraph$InvokeNodeExecutorsAction.execute(DefaultTaskExecutionGraph.java:314)
	at org.gradle.execution.taskgraph.DefaultTaskExecutionGraph$BuildOperationAwareExecutionAction.execute(DefaultTaskExecutionGraph.java:307)
	at org.gradle.execution.taskgraph.DefaultTaskExecutionGraph$BuildOperationAwareExecutionAction.execute(DefaultTaskExecutionGraph.java:293)
	at org.gradle.execution.plan.DefaultPlanExecutor$ExecutorWorker.execute(DefaultPlanExecutor.java:417)
	at org.gradle.execution.plan.DefaultPlanExecutor$ExecutorWorker.run(DefaultPlanExecutor.java:339)
	at org.gradle.internal.concurrent.ExecutorPolicy$CatchAndRecordFailures.onExecute(ExecutorPolicy.java:64)
	at org.gradle.internal.concurrent.ManagedExecutorImpl$1.run(ManagedExecutorImpl.java:48)
Caused by: org.gradle.internal.UncheckedException: com.android.ide.common.process.ProcessException: [arm64-v8a] Compile++      : anogs <= Main.cpp

C++ build system [build] failed while executing:
    /home/ubuntu/android-tools/android-ndk-r25c/ndk-build \
      NDK_PROJECT_PATH=null \
      APP_BUILD_SCRIPT=/home/ubuntu/imperium_project/IMPERIUM_MODZ_X_Phantom_Force/app/src/main/jni/Android.mk \
      NDK_APPLICATION_MK=/home/ubuntu/imperium_project/IMPERIUM_MODZ_X_Phantom_Force/app/src/main/jni/Application.mk \
      APP_ABI=arm64-v8a \
      NDK_ALL_ABIS=arm64-v8a \
      NDK_DEBUG=0 \
      APP_PLATFORM=android-21 \
      NDK_OUT=/home/ubuntu/imperium_project/IMPERIUM_MODZ_X_Phantom_Force/app/build/intermediates/cxx/Release/3m4s122l/obj \
      NDK_LIBS_OUT=/home/ubuntu/imperium_project/IMPERIUM_MODZ_X_Phantom_Force/app/build/intermediates/cxx/Release/3m4s122l/lib \
      NDK_APPLICATION_MK:=src/main/jni/Application.mk \
      anogs
  from /home/ubuntu/imperium_project/IMPERIUM_MODZ_X_Phantom_Force/app
In file included from /home/ubuntu/imperium_project/IMPERIUM_MODZ_X_Phantom_Force/app/src/main/jni/Main.cpp:37:
In file included from /home/ubuntu/imperium_project/IMPERIUM_MODZ_X_Phantom_Force/app/src/main/jni/Jni_Stuff.h:6:
/home/ubuntu/imperium_project/IMPERIUM_MODZ_X_Phantom_Force/app/src/main/jni/Includes/obfuscate.h:40:24: error: redefinition of 'generate_key'
    constexpr key_type generate_key(key_type seed)
                       ^
/home/ubuntu/imperium_project/IMPERIUM_MODZ_X_Phantom_Force/app/src/main/jni/Includes/obfuscate.h:40:24: note: previous definition is here
    constexpr key_type generate_key(key_type seed)
                       ^
In file included from /home/ubuntu/imperium_project/IMPERIUM_MODZ_X_Phantom_Force/app/src/main/jni/Main.cpp:37:
In file included from /home/ubuntu/imperium_project/IMPERIUM_MODZ_X_Phantom_Force/app/src/main/jni/Jni_Stuff.h:6:
/home/ubuntu/imperium_project/IMPERIUM_MODZ_X_Phantom_Force/app/src/main/jni/Includes/obfuscate.h:57:20: error: redefinition of 'cipher'
    constexpr void cipher(char* data, size_type size, key_type key)
                   ^
/home/ubuntu/imperium_project/IMPERIUM_MODZ_X_Phantom_Force/app/src/main/jni/Includes/obfuscate.h:57:20: note: previous definition is here
    constexpr void cipher(char* data, size_type size, key_type key)
                   ^
In file included from /home/ubuntu/imperium_project/IMPERIUM_MODZ_X_Phantom_Force/app/src/main/jni/Main.cpp:37:
In file included from /home/ubuntu/imperium_project/IMPERIUM_MODZ_X_Phantom_Force/app/src/main/jni/Jni_Stuff.h:6:
/home/ubuntu/imperium_project/IMPERIUM_MODZ_X_Phantom_Force/app/src/main/jni/Includes/obfuscate.h:68:11: error: redefinition of 'obfuscator'
    class obfuscator
          ^
/home/ubuntu/imperium_project/IMPERIUM_MODZ_X_Phantom_Force/app/src/main/jni/Includes/obfuscate.h:68:11: note: previous definition is here
    class obfuscator
          ^
In file included from /home/ubuntu/imperium_project/IMPERIUM_MODZ_X_Phantom_Force/app/src/main/jni/Main.cpp:37:
In file included from /home/ubuntu/imperium_project/IMPERIUM_MODZ_X_Phantom_Force/app/src/main/jni/Jni_Stuff.h:6:
/home/ubuntu/imperium_project/IMPERIUM_MODZ_X_Phantom_Force/app/src/main/jni/Includes/obfuscate.h:107:11: error: redefinition of 'obfuscated_data'
    class obfuscated_data
          ^
/home/ubuntu/imperium_project/IMPERIUM_MODZ_X_Phantom_Force/app/src/main/jni/Includes/obfuscate.h:107:11: note: previous definition is here
    class obfuscated_data
          ^
In file included from /home/ubuntu/imperium_project/IMPERIUM_MODZ_X_Phantom_Force/app/src/main/jni/Main.cpp:37:
In file included from /home/ubuntu/imperium_project/IMPERIUM_MODZ_X_Phantom_Force/app/src/main/jni/Jni_Stuff.h:6:
/home/ubuntu/imperium_project/IMPERIUM_MODZ_X_Phantom_Force/app/src/main/jni/Includes/obfuscate.h:181:20: error: redefinition of 'make_obfuscator'
    constexpr auto make_obfuscator(const char(&data)[N])
                   ^
/home/ubuntu/imperium_project/IMPERIUM_MODZ_X_Phantom_Force/app/src/main/jni/Includes/obfuscate.h:181:20: note: previous definition is here
    constexpr auto make_obfuscator(const char(&data)[N])
                   ^
In file included from /home/ubuntu/imperium_project/IMPERIUM_MODZ_X_Phantom_Force/app/src/main/jni/Main.cpp:37:
/home/ubuntu/imperium_project/IMPERIUM_MODZ_X_Phantom_Force/app/src/main/jni/Jni_Stuff.h:18:28: error: definition of type 'json' conflicts with type alias of the same name
namespace nlohmann { class json; }
                           ^
/home/ubuntu/imperium_project/IMPERIUM_MODZ_X_Phantom_Force/app/src/main/jni/curl/json.hpp:2933:7: note: 'json' declared here
using json = basic_json<>;
      ^
6 errors generated.
make: *** [/home/ubuntu/android-tools/android-ndk-r25c/build/core/build-binary.mk:424: /home/ubuntu/imperium_project/IMPERIUM_MODZ_X_Phantom_Force/app/build/intermediates/cxx/Release/3m4s122l/obj/local/arm64-v8a/objs/anogs/Main.o] Error 1
	at org.gradle.internal.UncheckedException.throwAsUncheckedException(UncheckedException.java:68)
	at org.gradle.internal.UncheckedException.throwAsUncheckedException(UncheckedException.java:41)
	at org.gradle.internal.reflect.JavaMethod.invoke(JavaMethod.java:128)
	at org.gradle.api.internal.project.taskfactory.StandardTaskAction.doExecute(StandardTaskAction.java:58)
	at org.gradle.api.internal.project.taskfactory.StandardTaskAction.execute(StandardTaskAction.java:51)
	at org.gradle.api.internal.project.taskfactory.StandardTaskAction.execute(StandardTaskAction.java:29)
	at org.gradle.api.internal.tasks.execution.TaskExecution$3.run(TaskExecution.java:236)
	at org.gradle.internal.operations.DefaultBuildOperationRunner$1.execute(DefaultBuildOperationRunner.java:29)
	at org.gradle.internal.operations.DefaultBuildOperationRunner$1.execute(DefaultBuildOperationRunner.java:26)
	at org.gradle.internal.operations.DefaultBuildOperationRunner$2.execute(DefaultBuildOperationRunner.java:66)
	at org.gradle.internal.operations.DefaultBuildOperationRunner$2.execute(DefaultBuildOperationRunner.java:59)
	at org.gradle.internal.operations.DefaultBuildOperationRunner.execute(DefaultBuildOperationRunner.java:157)
	at org.gradle.internal.operations.DefaultBuildOperationRunner.execute(DefaultBuildOperationRunner.java:59)
	at org.gradle.internal.operations.DefaultBuildOperationRunner.run(DefaultBuildOperationRunner.java:47)
	at org.gradle.internal.operations.DefaultBuildOperationExecutor.run(DefaultBuildOperationExecutor.java:68)
	at org.gradle.api.internal.tasks.execution.TaskExecution.executeAction(TaskExecution.java:221)
	at org.gradle.api.internal.tasks.execution.TaskExecution.executeActions(TaskExecution.java:204)
	at org.gradle.api.internal.tasks.execution.TaskExecution.executeWithPreviousOutputFiles(TaskExecution.java:187)
	at org.gradle.api.internal.tasks.execution.TaskExecution.execute(TaskExecution.java:165)
	at org.gradle.internal.execution.steps.ExecuteStep.executeInternal(ExecuteStep.java:89)
	at org.gradle.internal.execution.steps.ExecuteStep.access$000(ExecuteStep.java:40)
	at org.gradle.internal.execution.steps.ExecuteStep$1.call(ExecuteStep.java:53)
	at org.gradle.internal.execution.steps.ExecuteStep$1.call(ExecuteStep.java:50)
	at org.gradle.internal.operations.DefaultBuildOperationRunner$CallableBuildOperationWorker.execute(DefaultBuildOperationRunner.java:204)
	at org.gradle.internal.operations.DefaultBuildOperationRunner$CallableBuildOperationWorker.execute(DefaultBuildOperationRunner.java:199)
	at org.gradle.internal.operations.DefaultBuildOperationRunner$2.execute(DefaultBuildOperationRunner.java:66)
	at org.gradle.internal.operations.DefaultBuildOperationRunner$2.execute(DefaultBuildOperationRunner.java:59)
	at org.gradle.internal.operations.DefaultBuildOperationRunner.execute(DefaultBuildOperationRunner.java:157)
	at org.gradle.internal.operations.DefaultBuildOperationRunner.execute(DefaultBuildOperationRunner.java:59)
	at org.gradle.internal.operations.DefaultBuildOperationRunner.call(DefaultBuildOperationRunner.java:53)
	at org.gradle.internal.operations.DefaultBuildOperationExecutor.call(DefaultBuildOperationExecutor.java:73)
	at org.gradle.internal.execution.steps.ExecuteStep.execute(ExecuteStep.java:50)
	at org.gradle.internal.execution.steps.ExecuteStep.execute(ExecuteStep.java:40)
	at org.gradle.internal.execution.steps.RemovePreviousOutputsStep.execute(RemovePreviousOutputsStep.java:68)
	at org.gradle.internal.execution.steps.RemovePreviousOutputsStep.execute(RemovePreviousOutputsStep.java:38)
	at org.gradle.internal.execution.steps.CancelExecutionStep.execute(CancelExecutionStep.java:41)
	at org.gradle.internal.execution.steps.TimeoutStep.executeWithoutTimeout(TimeoutStep.java:74)
	at org.gradle.internal.execution.steps.TimeoutStep.execute(TimeoutStep.java:55)
	at org.gradle.internal.execution.steps.CreateOutputsStep.execute(CreateOutputsStep.java:51)
	at org.gradle.internal.execution.steps.CreateOutputsStep.execute(CreateOutputsStep.java:29)
	at org.gradle.internal.execution.steps.CaptureStateAfterExecutionStep.executeDelegateBroadcastingChanges(CaptureStateAfterExecutionStep.java:124)
	at org.gradle.internal.execution.steps.CaptureStateAfterExecutionStep.execute(CaptureStateAfterExecutionStep.java:80)
	at org.gradle.internal.execution.steps.CaptureStateAfterExecutionStep.execute(CaptureStateAfterExecutionStep.java:58)
	at org.gradle.internal.execution.steps.ResolveInputChangesStep.execute(ResolveInputChangesStep.java:48)
	at org.gradle.internal.execution.steps.ResolveInputChangesStep.execute(ResolveInputChangesStep.java:36)
	at org.gradle.internal.execution.steps.BuildCacheStep.executeWithoutCache(BuildCacheStep.java:181)
	at org.gradle.internal.execution.steps.BuildCacheStep.lambda$execute$1(BuildCacheStep.java:71)
	at org.gradle.internal.Either$Right.fold(Either.java:175)
	at org.gradle.internal.execution.caching.CachingState.fold(CachingState.java:59)
	at org.gradle.internal.execution.steps.BuildCacheStep.execute(BuildCacheStep.java:69)
	at org.gradle.internal.execution.steps.BuildCacheStep.execute(BuildCacheStep.java:47)
	at org.gradle.internal.execution.steps.StoreExecutionStateStep.execute(StoreExecutionStateStep.java:36)
	at org.gradle.internal.execution.steps.StoreExecutionStateStep.execute(StoreExecutionStateStep.java:25)
	at org.gradle.internal.execution.steps.RecordOutputsStep.execute(RecordOutputsStep.java:36)
	at org.gradle.internal.execution.steps.RecordOutputsStep.execute(RecordOutputsStep.java:22)
	at org.gradle.internal.execution.steps.SkipUpToDateStep.executeBecause(SkipUpToDateStep.java:110)
	at org.gradle.internal.execution.steps.SkipUpToDateStep.lambda$execute$2(SkipUpToDateStep.java:56)
	at org.gradle.internal.execution.steps.SkipUpToDateStep.execute(SkipUpToDateStep.java:56)
	at org.gradle.internal.execution.steps.SkipUpToDateStep.execute(SkipUpToDateStep.java:38)
	at org.gradle.internal.execution.steps.ResolveChangesStep.execute(ResolveChangesStep.java:73)
	at org.gradle.internal.execution.steps.ResolveChangesStep.execute(ResolveChangesStep.java:44)
	at org.gradle.internal.execution.steps.legacy.MarkSnapshottingInputsFinishedStep.execute(MarkSnapshottingInputsFinishedStep.java:37)
	at org.gradle.internal.execution.steps.legacy.MarkSnapshottingInputsFinishedStep.execute(MarkSnapshottingInputsFinishedStep.java:27)
	at org.gradle.internal.execution.steps.ResolveCachingStateStep.execute(ResolveCachingStateStep.java:89)
	at org.gradle.internal.execution.steps.ResolveCachingStateStep.execute(ResolveCachingStateStep.java:50)
	at org.gradle.internal.execution.steps.ValidateStep.execute(ValidateStep.java:114)
	at org.gradle.internal.execution.steps.ValidateStep.execute(ValidateStep.java:57)
	at org.gradle.internal.execution.steps.CaptureStateBeforeExecutionStep.execute(CaptureStateBeforeExecutionStep.java:76)
	at org.gradle.internal.execution.steps.CaptureStateBeforeExecutionStep.execute(CaptureStateBeforeExecutionStep.java:50)
	at org.gradle.internal.execution.steps.SkipEmptyWorkStep.executeWithNoEmptySources(SkipEmptyWorkStep.java:254)
	at org.gradle.internal.execution.steps.SkipEmptyWorkStep.execute(SkipEmptyWorkStep.java:91)
	at org.gradle.internal.execution.steps.SkipEmptyWorkStep.execute(SkipEmptyWorkStep.java:56)
	at org.gradle.internal.execution.steps.RemoveUntrackedExecutionStateStep.execute(RemoveUntrackedExecutionStateStep.java:32)
	at org.gradle.internal.execution.steps.RemoveUntrackedExecutionStateStep.execute(RemoveUntrackedExecutionStateStep.java:21)
	at org.gradle.internal.execution.steps.legacy.MarkSnapshottingInputsStartedStep.execute(MarkSnapshottingInputsStartedStep.java:38)
	at org.gradle.internal.execution.steps.LoadPreviousExecutionStateStep.execute(LoadPreviousExecutionStateStep.java:43)
	at org.gradle.internal.execution.steps.LoadPreviousExecutionStateStep.execute(LoadPreviousExecutionStateStep.java:31)
	at org.gradle.internal.execution.steps.AssignWorkspaceStep.lambda$execute$0(AssignWorkspaceStep.java:40)
	at org.gradle.api.internal.tasks.execution.TaskExecution$4.withWorkspace(TaskExecution.java:281)
	at org.gradle.internal.execution.steps.AssignWorkspaceStep.execute(AssignWorkspaceStep.java:40)
	at org.gradle.internal.execution.steps.AssignWorkspaceStep.execute(AssignWorkspaceStep.java:30)
	at org.gradle.internal.execution.steps.IdentityCacheStep.execute(IdentityCacheStep.java:37)
	at org.gradle.internal.execution.steps.IdentityCacheStep.execute(IdentityCacheStep.java:27)
	at org.gradle.internal.execution.steps.IdentifyStep.execute(IdentifyStep.java:44)
	at org.gradle.internal.execution.steps.IdentifyStep.execute(IdentifyStep.java:33)
	at org.gradle.internal.execution.impl.DefaultExecutionEngine$1.execute(DefaultExecutionEngine.java:76)
	at org.gradle.api.internal.tasks.execution.ExecuteActionsTaskExecuter.executeIfValid(ExecuteActionsTaskExecuter.java:139)
	at org.gradle.api.internal.tasks.execution.ExecuteActionsTaskExecuter.execute(ExecuteActionsTaskExecuter.java:128)
	at org.gradle.api.internal.tasks.execution.CleanupStaleOutputsExecuter.execute(CleanupStaleOutputsExecuter.java:77)
	at org.gradle.api.internal.tasks.execution.FinalizePropertiesTaskExecuter.execute(FinalizePropertiesTaskExecuter.java:46)
	at org.gradle.api.internal.tasks.execution.ResolveTaskExecutionModeExecuter.execute(ResolveTaskExecutionModeExecuter.java:51)
	at org.gradle.api.internal.tasks.execution.SkipTaskWithNoActionsExecuter.execute(SkipTaskWithNoActionsExecuter.java:57)
	at org.gradle.api.internal.tasks.execution.SkipOnlyIfTaskExecuter.execute(SkipOnlyIfTaskExecuter.java:56)
	at org.gradle.api.internal.tasks.execution.CatchExceptionTaskExecuter.execute(CatchExceptionTaskExecuter.java:36)
	at org.gradle.api.internal.tasks.execution.EventFiringTaskExecuter$1.executeTask(EventFiringTaskExecuter.java:77)
	at org.gradle.api.internal.tasks.execution.EventFiringTaskExecuter$1.call(EventFiringTaskExecuter.java:55)
	at org.gradle.api.internal.tasks.execution.EventFiringTaskExecuter$1.call(EventFiringTaskExecuter.java:52)
	at org.gradle.internal.operations.DefaultBuildOperationRunner$CallableBuildOperationWorker.execute(DefaultBuildOperationRunner.java:204)
	at org.gradle.internal.operations.DefaultBuildOperationRunner$CallableBuildOperationWorker.execute(DefaultBuildOperationRunner.java:199)
	at org.gradle.internal.operations.DefaultBuildOperationRunner$2.execute(DefaultBuildOperationRunner.java:66)
	at org.gradle.internal.operations.DefaultBuildOperationRunner$2.execute(DefaultBuildOperationRunner.java:59)
	at org.gradle.internal.operations.DefaultBuildOperationRunner.execute(DefaultBuildOperationRunner.java:157)
	at org.gradle.internal.operations.DefaultBuildOperationRunner.execute(DefaultBuildOperationRunner.java:59)
	at org.gradle.internal.operations.DefaultBuildOperationRunner.call(DefaultBuildOperationRunner.java:53)
	at org.gradle.internal.operations.DefaultBuildOperationExecutor.call(DefaultBuildOperationExecutor.java:73)
	at org.gradle.api.internal.tasks.execution.EventFiringTaskExecuter.execute(EventFiringTaskExecuter.java:52)
	at org.gradle.execution.plan.LocalTaskNodeExecutor.execute(LocalTaskNodeExecutor.java:69)
	at org.gradle.execution.taskgraph.DefaultTaskExecutionGraph$InvokeNodeExecutorsAction.execute(DefaultTaskExecutionGraph.java:327)
	at org.gradle.execution.taskgraph.DefaultTaskExecutionGraph$InvokeNodeExecutorsAction.execute(DefaultTaskExecutionGraph.java:314)
	at org.gradle.execution.taskgraph.DefaultTaskExecutionGraph$BuildOperationAwareExecutionAction.execute(DefaultTaskExecutionGraph.java:307)
	at org.gradle.execution.taskgraph.DefaultTaskExecutionGraph$BuildOperationAwareExecutionAction.execute(DefaultTaskExecutionGraph.java:293)
	at org.gradle.execution.plan.DefaultPlanExecutor$ExecutorWorker.execute(DefaultPlanExecutor.java:417)
	at org.gradle.execution.plan.DefaultPlanExecutor$ExecutorWorker.run(DefaultPlanExecutor.java:339)
	at org.gradle.internal.concurrent.ExecutorPolicy$CatchAndRecordFailures.onExecute(ExecutorPolicy.java:64)
	at org.gradle.internal.concurrent.ManagedExecutorImpl$1.run(ManagedExecutorImpl.java:48)
Caused by: com.android.ide.common.process.ProcessException: [arm64-v8a] Compile++      : anogs <= Main.cpp

C++ build system [build] failed while executing:
    /home/ubuntu/android-tools/android-ndk-r25c/ndk-build \
      NDK_PROJECT_PATH=null \
      APP_BUILD_SCRIPT=/home/ubuntu/imperium_project/IMPERIUM_MODZ_X_Phantom_Force/app/src/main/jni/Android.mk \
      NDK_APPLICATION_MK=/home/ubuntu/imperium_project/IMPERIUM_MODZ_X_Phantom_Force/app/src/main/jni/Application.mk \
      APP_ABI=arm64-v8a \
      NDK_ALL_ABIS=arm64-v8a \
      NDK_DEBUG=0 \
      APP_PLATFORM=android-21 \
      NDK_OUT=/home/ubuntu/imperium_project/IMPERIUM_MODZ_X_Phantom_Force/app/build/intermediates/cxx/Release/3m4s122l/obj \
      NDK_LIBS_OUT=/home/ubuntu/imperium_project/IMPERIUM_MODZ_X_Phantom_Force/app/build/intermediates/cxx/Release/3m4s122l/lib \
      NDK_APPLICATION_MK:=src/main/jni/Application.mk \
      anogs
  from /home/ubuntu/imperium_project/IMPERIUM_MODZ_X_Phantom_Force/app
In file included from /home/ubuntu/imperium_project/IMPERIUM_MODZ_X_Phantom_Force/app/src/main/jni/Main.cpp:37:
In file included from /home/ubuntu/imperium_project/IMPERIUM_MODZ_X_Phantom_Force/app/src/main/jni/Jni_Stuff.h:6:
/home/ubuntu/imperium_project/IMPERIUM_MODZ_X_Phantom_Force/app/src/main/jni/Includes/obfuscate.h:40:24: error: redefinition of 'generate_key'
    constexpr key_type generate_key(key_type seed)
                       ^
/home/ubuntu/imperium_project/IMPERIUM_MODZ_X_Phantom_Force/app/src/main/jni/Includes/obfuscate.h:40:24: note: previous definition is here
    constexpr key_type generate_key(key_type seed)
                       ^
In file included from /home/ubuntu/imperium_project/IMPERIUM_MODZ_X_Phantom_Force/app/src/main/jni/Main.cpp:37:
In file included from /home/ubuntu/imperium_project/IMPERIUM_MODZ_X_Phantom_Force/app/src/main/jni/Jni_Stuff.h:6:
/home/ubuntu/imperium_project/IMPERIUM_MODZ_X_Phantom_Force/app/src/main/jni/Includes/obfuscate.h:57:20: error: redefinition of 'cipher'
    constexpr void cipher(char* data, size_type size, key_type key)
                   ^
/home/ubuntu/imperium_project/IMPERIUM_MODZ_X_Phantom_Force/app/src/main/jni/Includes/obfuscate.h:57:20: note: previous definition is here
    constexpr void cipher(char* data, size_type size, key_type key)
                   ^
In file included from /home/ubuntu/imperium_project/IMPERIUM_MODZ_X_Phantom_Force/app/src/main/jni/Main.cpp:37:
In file included from /home/ubuntu/imperium_project/IMPERIUM_MODZ_X_Phantom_Force/app/src/main/jni/Jni_Stuff.h:6:
/home/ubuntu/imperium_project/IMPERIUM_MODZ_X_Phantom_Force/app/src/main/jni/Includes/obfuscate.h:68:11: error: redefinition of 'obfuscator'
    class obfuscator
          ^
/home/ubuntu/imperium_project/IMPERIUM_MODZ_X_Phantom_Force/app/src/main/jni/Includes/obfuscate.h:68:11: note: previous definition is here
    class obfuscator
          ^
In file included from /home/ubuntu/imperium_project/IMPERIUM_MODZ_X_Phantom_Force/app/src/main/jni/Main.cpp:37:
In file included from /home/ubuntu/imperium_project/IMPERIUM_MODZ_X_Phantom_Force/app/src/main/jni/Jni_Stuff.h:6:
/home/ubuntu/imperium_project/IMPERIUM_MODZ_X_Phantom_Force/app/src/main/jni/Includes/obfuscate.h:107:11: error: redefinition of 'obfuscated_data'
    class obfuscated_data
          ^
/home/ubuntu/imperium_project/IMPERIUM_MODZ_X_Phantom_Force/app/src/main/jni/Includes/obfuscate.h:107:11: note: previous definition is here
    class obfuscated_data
          ^
In file included from /home/ubuntu/imperium_project/IMPERIUM_MODZ_X_Phantom_Force/app/src/main/jni/Main.cpp:37:
In file included from /home/ubuntu/imperium_project/IMPERIUM_MODZ_X_Phantom_Force/app/src/main/jni/Jni_Stuff.h:6:
/home/ubuntu/imperium_project/IMPERIUM_MODZ_X_Phantom_Force/app/src/main/jni/Includes/obfuscate.h:181:20: error: redefinition of 'make_obfuscator'
    constexpr auto make_obfuscator(const char(&data)[N])
                   ^
/home/ubuntu/imperium_project/IMPERIUM_MODZ_X_Phantom_Force/app/src/main/jni/Includes/obfuscate.h:181:20: note: previous definition is here
    constexpr auto make_obfuscator(const char(&data)[N])
                   ^
In file included from /home/ubuntu/imperium_project/IMPERIUM_MODZ_X_Phantom_Force/app/src/main/jni/Main.cpp:37:
/home/ubuntu/imperium_project/IMPERIUM_MODZ_X_Phantom_Force/app/src/main/jni/Jni_Stuff.h:18:28: error: definition of type 'json' conflicts with type alias of the same name
namespace nlohmann { class json; }
                           ^
/home/ubuntu/imperium_project/IMPERIUM_MODZ_X_Phantom_Force/app/src/main/jni/curl/json.hpp:2933:7: note: 'json' declared here
using json = basic_json<>;
      ^
6 errors generated.
make: *** [/home/ubuntu/android-tools/android-ndk-r25c/build/core/build-binary.mk:424: /home/ubuntu/imperium_project/IMPERIUM_MODZ_X_Phantom_Force/app/build/intermediates/cxx/Release/3m4s122l/obj/local/arm64-v8a/objs/anogs/Main.o] Error 1
	at com.android.build.gradle.internal.cxx.process.ExecuteProcessKt.execute(ExecuteProcess.kt:274)
	at com.android.build.gradle.internal.cxx.process.ExecuteProcessKt$executeProcess$1.invoke(ExecuteProcess.kt:106)
	at com.android.build.gradle.internal.cxx.process.ExecuteProcessKt$executeProcess$1.invoke(ExecuteProcess.kt:104)
	at com.android.build.gradle.internal.cxx.timing.TimingEnvironmentKt.time(TimingEnvironment.kt:32)
	at com.android.build.gradle.internal.cxx.process.ExecuteProcessKt.executeProcess(ExecuteProcess.kt:104)
	at com.android.build.gradle.internal.cxx.process.ExecuteProcessKt.executeProcess$default(ExecuteProcess.kt:84)
	at com.android.build.gradle.internal.cxx.build.CxxRegularBuilder.executeProcessBatch(CxxRegularBuilder.kt:331)
	at com.android.build.gradle.internal.cxx.build.CxxRegularBuilder.build(CxxRegularBuilder.kt:128)
	at com.android.build.gradle.tasks.ExternalNativeBuildTask$doTaskAction$$inlined$recordTaskAction$1.invoke(BaseTask.kt:70)
	at com.android.build.gradle.internal.tasks.Blocks.recordSpan(Blocks.java:51)
	at com.android.build.gradle.tasks.ExternalNativeBuildTask.doTaskAction(ExternalNativeBuildTask.kt:140)
	at com.android.build.gradle.internal.tasks.UnsafeOutputsTask$taskAction$$inlined$recordTaskAction$1.invoke(BaseTask.kt:65)
	at com.android.build.gradle.internal.tasks.Blocks.recordSpan(Blocks.java:51)
	at com.android.build.gradle.internal.tasks.UnsafeOutputsTask.taskAction(UnsafeOutputsTask.kt:63)
	at jdk.internal.reflect.GeneratedMethodAccessor132.invoke(Unknown Source)
	at java.base/jdk.internal.reflect.DelegatingMethodAccessorImpl.invoke(DelegatingMethodAccessorImpl.java:43)
	at org.gradle.internal.reflect.JavaMethod.invoke(JavaMethod.java:125)
	... 112 more
Caused by: com.android.ide.common.process.ProcessException: Error while executing process /home/ubuntu/android-tools/android-ndk-r25c/ndk-build with arguments {NDK_PROJECT_PATH=null APP_BUILD_SCRIPT=/home/ubuntu/imperium_project/IMPERIUM_MODZ_X_Phantom_Force/app/src/main/jni/Android.mk NDK_APPLICATION_MK=/home/ubuntu/imperium_project/IMPERIUM_MODZ_X_Phantom_Force/app/src/main/jni/Application.mk APP_ABI=arm64-v8a NDK_ALL_ABIS=arm64-v8a NDK_DEBUG=0 APP_PLATFORM=android-21 NDK_OUT=/home/ubuntu/imperium_project/IMPERIUM_MODZ_X_Phantom_Force/app/build/intermediates/cxx/Release/3m4s122l/obj NDK_LIBS_OUT=/home/ubuntu/imperium_project/IMPERIUM_MODZ_X_Phantom_Force/app/build/intermediates/cxx/Release/3m4s122l/lib NDK_APPLICATION_MK:=src/main/jni/Application.mk anogs}
	at com.android.build.gradle.internal.process.GradleProcessResult.buildProcessException(GradleProcessResult.java:73)
	at com.android.build.gradle.internal.process.GradleProcessResult.assertNormalExitValue(GradleProcessResult.java:48)
	at com.android.build.gradle.internal.cxx.process.ExecuteProcessKt.execute(ExecuteProcess.kt:269)
	... 128 more
Caused by: org.gradle.process.internal.ExecException: Process 'command '/home/ubuntu/android-tools/android-ndk-r25c/ndk-build'' finished with non-zero exit value 2
	at org.gradle.process.internal.DefaultExecHandle$ExecResultImpl.assertNormalExitValue(DefaultExecHandle.java:415)
	at com.android.build.gradle.internal.process.GradleProcessResult.assertNormalExitValue(GradleProcessResult.java:46)
	... 129 more


* Get more help at https://help.gradle.org

Deprecated Gradle features were used in this build, making it incompatible with Gradle 8.0.

You can use '--warning-mode all' to show the individual deprecation warnings and determine if they come from your own scripts or plugins.

See https://docs.gradle.org/7.5/userguide/command_line_interface.html#sec:command_line_warnings

BUILD FAILED in 7s
6 actionable tasks: 5 executed, 1 up-to-date
